<?xml version="1.0" encoding="UTF-8"?>
<!-- Generated by org.testng.reporters.JUnitXMLReporter -->
<testsuite hostname="DESKTOP-VQ5JCIV" ignored="0" name="Command line test" tests="14" failures="0" timestamp="03 Dec 2017 19:55:45 GMT" time="0.195" errors="0">
  <testcase name="addNewTeam_givenNull_doesNothing" time="0.015" classname="io.wesley.span.test.application.TestSoccerLeagueTable"/>
  <testcase name="addNewTeam_givenTeamInTable_doesNothing" time="0.0" classname="io.wesley.span.test.application.TestSoccerLeagueTable"/>
  <testcase name="addNewTeam_givenTeamNotInTable_addsTeamToTable" time="0.001" classname="io.wesley.span.test.application.TestSoccerLeagueTable"/>
  <testcase name="updateScore_givenTeamInTable_replacesScore" time="0.0" classname="io.wesley.span.test.application.TestSoccerLeagueTable"/>
  <testcase name="updateScore_givenTeamNotInTable_doesNothing" time="0.0" classname="io.wesley.span.test.application.TestSoccerLeagueTable"/>
  <testcase name="getResult_givenAwayTeamWin_returnsMinusOne" time="0.004" classname="io.wesley.span.test.business.TestMatchManager"/>
  <testcase name="getResult_givenDraw_returnsZero" time="0.001" classname="io.wesley.span.test.business.TestMatchManager"/>
  <testcase name="getResult_givenHomeTeamWin_returnsOne" time="0.001" classname="io.wesley.span.test.business.TestMatchManager"/>
  <testcase name="registerDraw_givenDrawingTeam_addsDrawPointsToTotal" time="0.012" classname="io.wesley.span.test.business.TestPointsManager"/>
  <testcase name="registerGame_givenAwayTeamWin_callsRegisterWinOnHomeAndRegisterLossOnAway" time="0.001" classname="io.wesley.span.test.business.TestPointsManager"/>
  <testcase name="registerGame_givenDraw_callsRegisterWinOnHomeAndRegisterLossOnAway" time="0.001" classname="io.wesley.span.test.business.TestPointsManager"/>
  <testcase name="registerGame_givenHomeTeamWin_callsRegisterWinOnHomeAndRegisterLossOnAway" time="0.0" classname="io.wesley.span.test.business.TestPointsManager"/>
  <testcase name="registerLoss_givenLosingTeam_addsLossPointsToTotal" time="0.001" classname="io.wesley.span.test.business.TestPointsManager"/>
  <testcase name="registerWin_givenWinningTeam_addsWinPointsToTotal" time="0.001" classname="io.wesley.span.test.business.TestPointsManager"/>
</testsuite> <!-- Command line test -->
