<?xml version="1.0" encoding="UTF-8" ?>
<testsuite tests="14" failures="0" name="TestSuite" time="0.038" errors="0" skipped="0">
  <properties>
[...]
</properties>
  <testcase classname="io.wesley.span.test.application.TestSoccerLeagueTable" name="addNewTeam_givenNull_doesNothing" time="0.016"/>
  <testcase classname="io.wesley.span.test.application.TestSoccerLeagueTable" name="addNewTeam_givenTeamInTable_doesNothing" time="0.001"/>
  <testcase classname="io.wesley.span.test.application.TestSoccerLeagueTable" name="addNewTeam_givenTeamNotInTable_addsTeamToTable" time="0.001"/>
  <testcase classname="io.wesley.span.test.application.TestSoccerLeagueTable" name="updateScore_givenTeamInTable_replacesScore" time="0"/>
  <testcase classname="io.wesley.span.test.application.TestSoccerLeagueTable" name="updateScore_givenTeamNotInTable_doesNothing" time="0"/>
  <testcase classname="io.wesley.span.test.business.TestMatchManager" name="getResult_givenAwayTeamWin_returnsMinusOne" time="0.004"/>
  <testcase classname="io.wesley.span.test.business.TestMatchManager" name="getResult_givenDraw_returnsZero" time="0"/>
  <testcase classname="io.wesley.span.test.business.TestMatchManager" name="getResult_givenHomeTeamWin_returnsOne" time="0"/>
  <testcase classname="io.wesley.span.test.business.TestPointsManager" name="registerDraw_givenDrawingTeam_addsDrawPointsToTotal" time="0.012"/>
  <testcase classname="io.wesley.span.test.business.TestPointsManager" name="registerGame_givenAwayTeamWin_callsRegisterWinOnHomeAndRegisterLossOnAway" time="0.001"/>
  <testcase classname="io.wesley.span.test.business.TestPointsManager" name="registerGame_givenDraw_callsRegisterWinOnHomeAndRegisterLossOnAway" time="0.001"/>
  <testcase classname="io.wesley.span.test.business.TestPointsManager" name="registerGame_givenHomeTeamWin_callsRegisterWinOnHomeAndRegisterLossOnAway" time="0.001"/>
  <testcase classname="io.wesley.span.test.business.TestPointsManager" name="registerLoss_givenLosingTeam_addsLossPointsToTotal" time="0"/>
  <testcase classname="io.wesley.span.test.business.TestPointsManager" name="registerWin_givenWinningTeam_addsWinPointsToTotal" time="0.001"/>
</testsuite>