<?xml version="1.0" encoding="UTF-8"?>
<testng-results skipped="0" failed="0" ignored="0" total="14" passed="14">
  <reporter-output>
  </reporter-output>
  <suite name="Command line suite" duration-ms="195" started-at="2017-12-03T19:55:45Z" finished-at="2017-12-03T19:55:45Z">
    <groups>
    </groups>
    <test name="Command line test" duration-ms="195" started-at="2017-12-03T19:55:45Z" finished-at="2017-12-03T19:55:45Z">
      <class name="io.wesley.span.test.business.TestMatchManager">
        <test-method status="PASS" signature="beforeMethod()[pri:0, instance:io.wesley.span.test.business.TestMatchManager@5594a1b5]" name="beforeMethod" is-config="true" duration-ms="3" started-at="2017-12-03T21:55:45Z" finished-at="2017-12-03T21:55:45Z">
          <reporter-output>
          </reporter-output>
        </test-method> <!-- beforeMethod -->
        <test-method status="PASS" signature="getResult_givenAwayTeamWin_returnsMinusOne()[pri:0, instance:io.wesley.span.test.business.TestMatchManager@5594a1b5]" name="getResult_givenAwayTeamWin_returnsMinusOne" duration-ms="4" started-at="2017-12-03T21:55:45Z" finished-at="2017-12-03T21:55:45Z">
          <reporter-output>
          </reporter-output>
        </test-method> <!-- getResult_givenAwayTeamWin_returnsMinusOne -->
        <test-method status="PASS" signature="getResult_givenDraw_returnsZero()[pri:0, instance:io.wesley.span.test.business.TestMatchManager@5594a1b5]" name="getResult_givenDraw_returnsZero" duration-ms="1" started-at="2017-12-03T21:55:45Z" finished-at="2017-12-03T21:55:45Z">
          <reporter-output>
          </reporter-output>
        </test-method> <!-- getResult_givenDraw_returnsZero -->
        <test-method status="PASS" signature="afterMethod()[pri:0, instance:io.wesley.span.test.business.TestMatchManager@5594a1b5]" name="afterMethod" is-config="true" duration-ms="0" started-at="2017-12-03T21:55:45Z" finished-at="2017-12-03T21:55:45Z">
          <reporter-output>
          </reporter-output>
        </test-method> <!-- afterMethod -->
        <test-method status="PASS" signature="beforeMethod()[pri:0, instance:io.wesley.span.test.business.TestMatchManager@5594a1b5]" name="beforeMethod" is-config="true" duration-ms="0" started-at="2017-12-03T21:55:45Z" finished-at="2017-12-03T21:55:45Z">
          <reporter-output>
          </reporter-output>
        </test-method> <!-- beforeMethod -->
        <test-method status="PASS" signature="beforeMethod()[pri:0, instance:io.wesley.span.test.business.TestMatchManager@5594a1b5]" name="beforeMethod" is-config="true" duration-ms="0" started-at="2017-12-03T21:55:45Z" finished-at="2017-12-03T21:55:45Z">
          <reporter-output>
          </reporter-output>
        </test-method> <!-- beforeMethod -->
        <test-method status="PASS" signature="afterMethod()[pri:0, instance:io.wesley.span.test.business.TestMatchManager@5594a1b5]" name="afterMethod" is-config="true" duration-ms="0" started-at="2017-12-03T21:55:45Z" finished-at="2017-12-03T21:55:45Z">
          <reporter-output>
          </reporter-output>
        </test-method> <!-- afterMethod -->
        <test-method status="PASS" signature="getResult_givenHomeTeamWin_returnsOne()[pri:0, instance:io.wesley.span.test.business.TestMatchManager@5594a1b5]" name="getResult_givenHomeTeamWin_returnsOne" duration-ms="1" started-at="2017-12-03T21:55:45Z" finished-at="2017-12-03T21:55:45Z">
          <reporter-output>
          </reporter-output>
        </test-method> <!-- getResult_givenHomeTeamWin_returnsOne -->
        <test-method status="PASS" signature="afterMethod()[pri:0, instance:io.wesley.span.test.business.TestMatchManager@5594a1b5]" name="afterMethod" is-config="true" duration-ms="0" started-at="2017-12-03T21:55:45Z" finished-at="2017-12-03T21:55:45Z">
          <reporter-output>
          </reporter-output>
        </test-method> <!-- afterMethod -->
      </class> <!-- io.wesley.span.test.business.TestMatchManager -->
      <class name="io.wesley.span.test.business.TestPointsManager">
        <test-method status="PASS" signature="beforeMethod()[pri:0, instance:io.wesley.span.test.business.TestPointsManager@6a5fc7f7]" name="beforeMethod" is-config="true" duration-ms="4" started-at="2017-12-03T21:55:45Z" finished-at="2017-12-03T21:55:45Z">
          <reporter-output>
          </reporter-output>
        </test-method> <!-- beforeMethod -->
        <test-method status="PASS" signature="registerDraw_givenDrawingTeam_addsDrawPointsToTotal()[pri:0, instance:io.wesley.span.test.business.TestPointsManager@6a5fc7f7]" name="registerDraw_givenDrawingTeam_addsDrawPointsToTotal" duration-ms="12" started-at="2017-12-03T21:55:45Z" finished-at="2017-12-03T21:55:45Z">
          <reporter-output>
          </reporter-output>
        </test-method> <!-- registerDraw_givenDrawingTeam_addsDrawPointsToTotal -->
        <test-method status="PASS" signature="afterMethod()[pri:0, instance:io.wesley.span.test.business.TestPointsManager@6a5fc7f7]" name="afterMethod" is-config="true" duration-ms="0" started-at="2017-12-03T21:55:45Z" finished-at="2017-12-03T21:55:45Z">
          <reporter-output>
          </reporter-output>
        </test-method> <!-- afterMethod -->
        <test-method status="PASS" signature="beforeMethod()[pri:0, instance:io.wesley.span.test.business.TestPointsManager@6a5fc7f7]" name="beforeMethod" is-config="true" duration-ms="1" started-at="2017-12-03T21:55:45Z" finished-at="2017-12-03T21:55:45Z">
          <reporter-output>
          </reporter-output>
        </test-method> <!-- beforeMethod -->
        <test-method status="PASS" signature="registerGame_givenAwayTeamWin_callsRegisterWinOnHomeAndRegisterLossOnAway()[pri:0, instance:io.wesley.span.test.business.TestPointsManager@6a5fc7f7]" name="registerGame_givenAwayTeamWin_callsRegisterWinOnHomeAndRegisterLossOnAway" duration-ms="1" started-at="2017-12-03T21:55:45Z" finished-at="2017-12-03T21:55:45Z">
          <reporter-output>
          </reporter-output>
        </test-method> <!-- registerGame_givenAwayTeamWin_callsRegisterWinOnHomeAndRegisterLossOnAway -->
        <test-method status="PASS" signature="afterMethod()[pri:0, instance:io.wesley.span.test.business.TestPointsManager@6a5fc7f7]" name="afterMethod" is-config="true" duration-ms="0" started-at="2017-12-03T21:55:45Z" finished-at="2017-12-03T21:55:45Z">
          <reporter-output>
          </reporter-output>
        </test-method> <!-- afterMethod -->
        <test-method status="PASS" signature="beforeMethod()[pri:0, instance:io.wesley.span.test.business.TestPointsManager@6a5fc7f7]" name="beforeMethod" is-config="true" duration-ms="0" started-at="2017-12-03T21:55:45Z" finished-at="2017-12-03T21:55:45Z">
          <reporter-output>
          </reporter-output>
        </test-method> <!-- beforeMethod -->
        <test-method status="PASS" signature="registerGame_givenDraw_callsRegisterWinOnHomeAndRegisterLossOnAway()[pri:0, instance:io.wesley.span.test.business.TestPointsManager@6a5fc7f7]" name="registerGame_givenDraw_callsRegisterWinOnHomeAndRegisterLossOnAway" duration-ms="1" started-at="2017-12-03T21:55:45Z" finished-at="2017-12-03T21:55:45Z">
          <reporter-output>
          </reporter-output>
        </test-method> <!-- registerGame_givenDraw_callsRegisterWinOnHomeAndRegisterLossOnAway -->
        <test-method status="PASS" signature="beforeMethod()[pri:0, instance:io.wesley.span.test.business.TestPointsManager@6a5fc7f7]" name="beforeMethod" is-config="true" duration-ms="1" started-at="2017-12-03T21:55:45Z" finished-at="2017-12-03T21:55:45Z">
          <reporter-output>
          </reporter-output>
        </test-method> <!-- beforeMethod -->
        <test-method status="PASS" signature="afterMethod()[pri:0, instance:io.wesley.span.test.business.TestPointsManager@6a5fc7f7]" name="afterMethod" is-config="true" duration-ms="0" started-at="2017-12-03T21:55:45Z" finished-at="2017-12-03T21:55:45Z">
          <reporter-output>
          </reporter-output>
        </test-method> <!-- afterMethod -->
        <test-method status="PASS" signature="registerGame_givenHomeTeamWin_callsRegisterWinOnHomeAndRegisterLossOnAway()[pri:0, instance:io.wesley.span.test.business.TestPointsManager@6a5fc7f7]" name="registerGame_givenHomeTeamWin_callsRegisterWinOnHomeAndRegisterLossOnAway" duration-ms="0" started-at="2017-12-03T21:55:45Z" finished-at="2017-12-03T21:55:45Z">
          <reporter-output>
          </reporter-output>
        </test-method> <!-- registerGame_givenHomeTeamWin_callsRegisterWinOnHomeAndRegisterLossOnAway -->
        <test-method status="PASS" signature="registerLoss_givenLosingTeam_addsLossPointsToTotal()[pri:0, instance:io.wesley.span.test.business.TestPointsManager@6a5fc7f7]" name="registerLoss_givenLosingTeam_addsLossPointsToTotal" duration-ms="1" started-at="2017-12-03T21:55:45Z" finished-at="2017-12-03T21:55:45Z">
          <reporter-output>
          </reporter-output>
        </test-method> <!-- registerLoss_givenLosingTeam_addsLossPointsToTotal -->
        <test-method status="PASS" signature="beforeMethod()[pri:0, instance:io.wesley.span.test.business.TestPointsManager@6a5fc7f7]" name="beforeMethod" is-config="true" duration-ms="0" started-at="2017-12-03T21:55:45Z" finished-at="2017-12-03T21:55:45Z">
          <reporter-output>
          </reporter-output>
        </test-method> <!-- beforeMethod -->
        <test-method status="PASS" signature="afterMethod()[pri:0, instance:io.wesley.span.test.business.TestPointsManager@6a5fc7f7]" name="afterMethod" is-config="true" duration-ms="0" started-at="2017-12-03T21:55:45Z" finished-at="2017-12-03T21:55:45Z">
          <reporter-output>
          </reporter-output>
        </test-method> <!-- afterMethod -->
        <test-method status="PASS" signature="afterMethod()[pri:0, instance:io.wesley.span.test.business.TestPointsManager@6a5fc7f7]" name="afterMethod" is-config="true" duration-ms="0" started-at="2017-12-03T21:55:45Z" finished-at="2017-12-03T21:55:45Z">
          <reporter-output>
          </reporter-output>
        </test-method> <!-- afterMethod -->
        <test-method status="PASS" signature="beforeMethod()[pri:0, instance:io.wesley.span.test.business.TestPointsManager@6a5fc7f7]" name="beforeMethod" is-config="true" duration-ms="0" started-at="2017-12-03T21:55:45Z" finished-at="2017-12-03T21:55:45Z">
          <reporter-output>
          </reporter-output>
        </test-method> <!-- beforeMethod -->
        <test-method status="PASS" signature="registerWin_givenWinningTeam_addsWinPointsToTotal()[pri:0, instance:io.wesley.span.test.business.TestPointsManager@6a5fc7f7]" name="registerWin_givenWinningTeam_addsWinPointsToTotal" duration-ms="1" started-at="2017-12-03T21:55:45Z" finished-at="2017-12-03T21:55:45Z">
          <reporter-output>
          </reporter-output>
        </test-method> <!-- registerWin_givenWinningTeam_addsWinPointsToTotal -->
        <test-method status="PASS" signature="afterMethod()[pri:0, instance:io.wesley.span.test.business.TestPointsManager@6a5fc7f7]" name="afterMethod" is-config="true" duration-ms="0" started-at="2017-12-03T21:55:45Z" finished-at="2017-12-03T21:55:45Z">
          <reporter-output>
          </reporter-output>
        </test-method> <!-- afterMethod -->
      </class> <!-- io.wesley.span.test.business.TestPointsManager -->
      <class name="io.wesley.span.test.application.TestSoccerLeagueTable">
        <test-method status="PASS" signature="beforeMethod()[pri:0, instance:io.wesley.span.test.application.TestSoccerLeagueTable@3ac3fd8b]" name="beforeMethod" is-config="true" duration-ms="113" started-at="2017-12-03T21:55:45Z" finished-at="2017-12-03T21:55:45Z">
          <reporter-output>
          </reporter-output>
        </test-method> <!-- beforeMethod -->
        <test-method status="PASS" signature="addNewTeam_givenNull_doesNothing()[pri:0, instance:io.wesley.span.test.application.TestSoccerLeagueTable@3ac3fd8b]" name="addNewTeam_givenNull_doesNothing" duration-ms="15" started-at="2017-12-03T21:55:45Z" finished-at="2017-12-03T21:55:45Z">
          <reporter-output>
          </reporter-output>
        </test-method> <!-- addNewTeam_givenNull_doesNothing -->
        <test-method status="PASS" signature="afterMethod()[pri:0, instance:io.wesley.span.test.application.TestSoccerLeagueTable@3ac3fd8b]" name="afterMethod" is-config="true" duration-ms="0" started-at="2017-12-03T21:55:45Z" finished-at="2017-12-03T21:55:45Z">
          <reporter-output>
          </reporter-output>
        </test-method> <!-- afterMethod -->
        <test-method status="PASS" signature="beforeMethod()[pri:0, instance:io.wesley.span.test.application.TestSoccerLeagueTable@3ac3fd8b]" name="beforeMethod" is-config="true" duration-ms="1" started-at="2017-12-03T21:55:45Z" finished-at="2017-12-03T21:55:45Z">
          <reporter-output>
          </reporter-output>
        </test-method> <!-- beforeMethod -->
        <test-method status="PASS" signature="addNewTeam_givenTeamInTable_doesNothing()[pri:0, instance:io.wesley.span.test.application.TestSoccerLeagueTable@3ac3fd8b]" name="addNewTeam_givenTeamInTable_doesNothing" duration-ms="0" started-at="2017-12-03T21:55:45Z" finished-at="2017-12-03T21:55:45Z">
          <reporter-output>
          </reporter-output>
        </test-method> <!-- addNewTeam_givenTeamInTable_doesNothing -->
        <test-method status="PASS" signature="addNewTeam_givenTeamNotInTable_addsTeamToTable()[pri:0, instance:io.wesley.span.test.application.TestSoccerLeagueTable@3ac3fd8b]" name="addNewTeam_givenTeamNotInTable_addsTeamToTable" duration-ms="1" started-at="2017-12-03T21:55:45Z" finished-at="2017-12-03T21:55:45Z">
          <reporter-output>
          </reporter-output>
        </test-method> <!-- addNewTeam_givenTeamNotInTable_addsTeamToTable -->
        <test-method status="PASS" signature="beforeMethod()[pri:0, instance:io.wesley.span.test.application.TestSoccerLeagueTable@3ac3fd8b]" name="beforeMethod" is-config="true" duration-ms="0" started-at="2017-12-03T21:55:45Z" finished-at="2017-12-03T21:55:45Z">
          <reporter-output>
          </reporter-output>
        </test-method> <!-- beforeMethod -->
        <test-method status="PASS" signature="afterMethod()[pri:0, instance:io.wesley.span.test.application.TestSoccerLeagueTable@3ac3fd8b]" name="afterMethod" is-config="true" duration-ms="0" started-at="2017-12-03T21:55:45Z" finished-at="2017-12-03T21:55:45Z">
          <reporter-output>
          </reporter-output>
        </test-method> <!-- afterMethod -->
        <test-method status="PASS" signature="beforeMethod()[pri:0, instance:io.wesley.span.test.application.TestSoccerLeagueTable@3ac3fd8b]" name="beforeMethod" is-config="true" duration-ms="1" started-at="2017-12-03T21:55:45Z" finished-at="2017-12-03T21:55:45Z">
          <reporter-output>
          </reporter-output>
        </test-method> <!-- beforeMethod -->
        <test-method status="PASS" signature="afterMethod()[pri:0, instance:io.wesley.span.test.application.TestSoccerLeagueTable@3ac3fd8b]" name="afterMethod" is-config="true" duration-ms="0" started-at="2017-12-03T21:55:45Z" finished-at="2017-12-03T21:55:45Z">
          <reporter-output>
          </reporter-output>
        </test-method> <!-- afterMethod -->
        <test-method status="PASS" signature="beforeMethod()[pri:0, instance:io.wesley.span.test.application.TestSoccerLeagueTable@3ac3fd8b]" name="beforeMethod" is-config="true" duration-ms="1" started-at="2017-12-03T21:55:45Z" finished-at="2017-12-03T21:55:45Z">
          <reporter-output>
          </reporter-output>
        </test-method> <!-- beforeMethod -->
        <test-method status="PASS" signature="updateScore_givenTeamInTable_replacesScore()[pri:0, instance:io.wesley.span.test.application.TestSoccerLeagueTable@3ac3fd8b]" name="updateScore_givenTeamInTable_replacesScore" duration-ms="0" started-at="2017-12-03T21:55:45Z" finished-at="2017-12-03T21:55:45Z">
          <reporter-output>
          </reporter-output>
        </test-method> <!-- updateScore_givenTeamInTable_replacesScore -->
        <test-method status="PASS" signature="afterMethod()[pri:0, instance:io.wesley.span.test.application.TestSoccerLeagueTable@3ac3fd8b]" name="afterMethod" is-config="true" duration-ms="0" started-at="2017-12-03T21:55:45Z" finished-at="2017-12-03T21:55:45Z">
          <reporter-output>
          </reporter-output>
        </test-method> <!-- afterMethod -->
        <test-method status="PASS" signature="afterMethod()[pri:0, instance:io.wesley.span.test.application.TestSoccerLeagueTable@3ac3fd8b]" name="afterMethod" is-config="true" duration-ms="0" started-at="2017-12-03T21:55:45Z" finished-at="2017-12-03T21:55:45Z">
          <reporter-output>
          </reporter-output>
        </test-method> <!-- afterMethod -->
        <test-method status="PASS" signature="updateScore_givenTeamNotInTable_doesNothing()[pri:0, instance:io.wesley.span.test.application.TestSoccerLeagueTable@3ac3fd8b]" name="updateScore_givenTeamNotInTable_doesNothing" duration-ms="0" started-at="2017-12-03T21:55:45Z" finished-at="2017-12-03T21:55:45Z">
          <reporter-output>
          </reporter-output>
        </test-method> <!-- updateScore_givenTeamNotInTable_doesNothing -->
      </class> <!-- io.wesley.span.test.application.TestSoccerLeagueTable -->
    </test> <!-- Command line test -->
  </suite> <!-- Command line suite -->
</testng-results>
